TN:
SF:contracts/ERC1155.sol
FN:22,MatematessaERC1155.
FNDA:0,MatematessaERC1155.
DA:23,0
FN:34,MatematessaERC1155.mint
FNDA:0,MatematessaERC1155.mint
DA:35,0
FN:46,MatematessaERC1155.mintBatch
FNDA:0,MatematessaERC1155.mintBatch
DA:50,0
FN:59,MatematessaERC1155.uri
FNDA:0,MatematessaERC1155.uri
DA:60,0
FNF:4
FNH:0
LF:4
LH:0
BRF:0
BRH:0
end_of_record
TN:
SF:contracts/ERC20.sol
FN:19,MatematessaToken.
FNDA:3,MatematessaToken.
DA:20,3
FN:28,MatematessaToken.purchase
FNDA:2,MatematessaToken.purchase
DA:29,2
BRDA:29,0,0,-
BRDA:29,0,1,2
DA:30,2
DA:32,2
BRDA:32,1,0,-
BRDA:32,1,1,2
DA:33,2
FN:43,MatematessaToken.transfer
FNDA:1,MatematessaToken.transfer
DA:44,1
DA:46,1
DA:48,1
DA:49,1
FN:60,MatematessaToken.transferFrom
FNDA:1,MatematessaToken.transferFrom
DA:61,1
DA:62,1
DA:65,1
DA:67,1
DA:68,1
FNF:4
FNH:4
LF:14
LH:14
BRF:4
BRH:2
end_of_record
TN:
SF:contracts/ERC721.sol
FN:18,MatematessaERC721.
FNDA:0,MatematessaERC721.
FN:26,MatematessaERC721.safeMint
FNDA:0,MatematessaERC721.safeMint
DA:27,0
FN:37,MatematessaERC721.safeMint
FNDA:0,MatematessaERC721.safeMint
DA:38,0
DA:39,0
FNF:3
FNH:0
LF:3
LH:0
BRF:0
BRH:0
end_of_record
